<?xml version="1.0" encoding="UTF-8"?>
<!-- Generated by org.testng.reporters.JUnitReportReporter -->
<testsuite skipped="0" hostname="TATTVA1" name="com.crmPRACTICE.SampleJDBCExecuteUpdate" tests="1" failures="0" timestamp="16 Feb 2022 10:57:25 GMT" time="0.667" errors="0">
  <testcase name="sampleJDBCExecuteQuery" time="0.667" classname="com.crmPRACTICE.SampleJDBCExecuteUpdate"/>
</testsuite> <!-- com.crmPRACTICE.SampleJDBCExecuteUpdate -->
