<?xml version="1.0" encoding="UTF-8"?>
<!-- Generated by org.testng.reporters.JUnitReportReporter -->
<testsuite skipped="0" hostname="TATTVA1" name="com.crmPRACTICE.SelectNextMonthDateTest" tests="1" failures="0" timestamp="09 Mar 2022 17:05:34 GMT" time="295.342" errors="0">
  <testcase name="calendar" time="295.342" classname="com.crmPRACTICE.SelectNextMonthDateTest"/>
</testsuite> <!-- com.crmPRACTICE.SelectNextMonthDateTest -->
