<?xml version="1.0" encoding="UTF-8"?>
<!-- Generated by org.testng.reporters.JUnitReportReporter -->
<testsuite skipped="0" hostname="TATTVA1" name="com.crmPRACTICE.PropertyFilePractice" tests="1" failures="0" timestamp="17 Feb 2022 04:55:36 GMT" time="0.034" errors="0">
  <testcase name="propertyFile" time="0.034" classname="com.crmPRACTICE.PropertyFilePractice"/>
</testsuite> <!-- com.crmPRACTICE.PropertyFilePractice -->
