<?xml version="1.0" encoding="UTF-8"?>
<!-- Generated by org.testng.reporters.JUnitReportReporter -->
<testsuite skipped="0" hostname="TATTVA1" name="com.crmPRACTICE.PracticeForGenericUtils" tests="1" failures="0" timestamp="21 Feb 2022 16:22:20 GMT" time="0.178" errors="1">
  <testcase name="practiseforgenericutils" time="0.178" classname="com.crmPRACTICE.PracticeForGenericUtils">
    <error type="java.lang.Error" message="Unresolved compilation problems: 
	Duplicate local variable value
	The method readDateFromExcel(String, int, int) in the type ExcelFileUtility is not applicable for the arguments (String, int)
	Syntax error on token &quot;,&quot;, delete this token
">
      <![CDATA[java.lang.Error: Unresolved compilation problems: 
Duplicate local variable value
The method readDateFromExcel(String, int, int) in the type ExcelFileUtility is not applicable for the arguments (String, int)
Syntax error on token ",", delete this token

at com.crmPRACTICE.PracticeForPropertyFileUtilsTest.readDataFromPropertFile(PracticeForPropertyFileUtilsTest.java:26)
at com.crmPRACTICE.PracticeForGenericUtils.practiseforgenericutils(PracticeForGenericUtils.java:22)
at sun.reflect.NativeMethodAccessorImpl.invoke0(Native Method)
at sun.reflect.NativeMethodAccessorImpl.invoke(NativeMethodAccessorImpl.java:62)
at sun.reflect.DelegatingMethodAccessorImpl.invoke(DelegatingMethodAccessorImpl.java:43)
at java.lang.reflect.Method.invoke(Method.java:498)
at org.testng.internal.MethodInvocationHelper.invokeMethod(MethodInvocationHelper.java:124)
at org.testng.internal.Invoker.invokeMethod(Invoker.java:583)
at org.testng.internal.Invoker.invokeTestMethod(Invoker.java:719)
at org.testng.internal.Invoker.invokeTestMethods(Invoker.java:989)
at org.testng.internal.TestMethodWorker.invokeTestMethods(TestMethodWorker.java:125)
at org.testng.internal.TestMethodWorker.run(TestMethodWorker.java:109)
at org.testng.TestRunner.privateRun(TestRunner.java:648)
at org.testng.TestRunner.run(TestRunner.java:505)
at org.testng.SuiteRunner.runTest(SuiteRunner.java:455)
at org.testng.SuiteRunner.runSequentially(SuiteRunner.java:450)
at org.testng.SuiteRunner.privateRun(SuiteRunner.java:415)
at org.testng.SuiteRunner.run(SuiteRunner.java:364)
at org.testng.SuiteRunnerWorker.runSuite(SuiteRunnerWorker.java:52)
at org.testng.SuiteRunnerWorker.run(SuiteRunnerWorker.java:84)
at org.testng.TestNG.runSuitesSequentially(TestNG.java:1208)
at org.testng.TestNG.runSuitesLocally(TestNG.java:1137)
at org.testng.TestNG.runSuites(TestNG.java:1049)
at org.testng.TestNG.run(TestNG.java:1017)
at org.testng.remote.AbstractRemoteTestNG.run(AbstractRemoteTestNG.java:114)
at org.testng.remote.RemoteTestNG.initAndRun(RemoteTestNG.java:251)
at org.testng.remote.RemoteTestNG.main(RemoteTestNG.java:77)
]]>
    </error>
  </testcase> <!-- practiseforgenericutils -->
</testsuite> <!-- com.crmPRACTICE.PracticeForGenericUtils -->
