<?xml version="1.0" encoding="UTF-8"?>
<!-- Generated by org.testng.reporters.JUnitReportReporter -->
<testsuite skipped="0" hostname="TATTVA1" name="com.crm.ProductTests.CreateProductTest" tests="1" failures="0" timestamp="19 Feb 2022 04:59:32 GMT" time="108.513" errors="0">
  <testcase name="createproductTest" time="108.513" classname="com.crm.ProductTests.CreateProductTest"/>
</testsuite> <!-- com.crm.ProductTests.CreateProductTest -->
