<?xml version="1.0" encoding="UTF-8"?>
<!-- Generated by org.testng.reporters.JUnitReportReporter -->
<testsuite skipped="0" hostname="TATTVA1" name="com.crm.OrganizationTests.CreateOrganizationTest" tests="1" failures="0" timestamp="17 Feb 2022 05:34:07 GMT" time="47.371" errors="0">
  <testcase name="createorganizationTest" time="47.371" classname="com.crm.OrganizationTests.CreateOrganizationTest"/>
</testsuite> <!-- com.crm.OrganizationTests.CreateOrganizationTest -->
