<?xml version="1.0" encoding="UTF-8"?>
<!-- Generated by org.testng.reporters.JUnitReportReporter -->
<testsuite skipped="0" hostname="TATTVA1" name="com.crmPRACTICE.ReadatafromCmdlineTest" tests="1" failures="0" timestamp="03 Mar 2022 12:12:08 GMT" time="0.019" errors="0">
  <testcase name="readdatafromcmdline" time="0.019" classname="com.crmPRACTICE.ReadatafromCmdlineTest"/>
</testsuite> <!-- com.crmPRACTICE.ReadatafromCmdlineTest -->
