<?xml version="1.0" encoding="UTF-8"?>
<!-- Generated by org.testng.reporters.JUnitReportReporter -->
<testsuite skipped="0" hostname="TATTVA1" name="com.crmPRACTICE.PracticeRetryTest" tests="1" failures="0" timestamp="04 Mar 2022 06:39:19 GMT" time="0.019" errors="0">
  <testcase name="practiceretry" time="0.019" classname="com.crmPRACTICE.PracticeRetryTest"/>
</testsuite> <!-- com.crmPRACTICE.PracticeRetryTest -->
