<?xml version="1.0" encoding="UTF-8"?>
<!-- Generated by org.testng.reporters.JUnitReportReporter -->
<testsuite skipped="0" hostname="TATTVA1" name="com.crmPRACTICE.DataProviderTest" tests="6" failures="0" timestamp="28 Feb 2022 10:26:04 GMT" time="0.022" errors="0">
  <testcase name="sampleDataProvider" time="0.001" classname="com.crmPRACTICE.DataProviderTest"/>
  <testcase name="sampleDataProvider" time="0.002" classname="com.crmPRACTICE.DataProviderTest"/>
  <testcase name="sampleDataProvider" time="0.002" classname="com.crmPRACTICE.DataProviderTest"/>
  <testcase name="sampleDataProvider" time="0.015" classname="com.crmPRACTICE.DataProviderTest"/>
  <testcase name="sampleDataProvider" time="0.001" classname="com.crmPRACTICE.DataProviderTest"/>
  <testcase name="sampleDataProvider" time="0.001" classname="com.crmPRACTICE.DataProviderTest"/>
</testsuite> <!-- com.crmPRACTICE.DataProviderTest -->
